<?xml version="1.0" encoding="UTF-8" ?>
<testsuite errors="0" skipped="3" tests="3" time="0.069" failures="0" name="org.ipc.iptol.web.test.RequestHandlerServletTest">
  <properties>
[...]
</properties>
  <testcase classname="org.ipc.iptol.web.test.RequestHandlerServletTest" time="0" name="testDoGetHttpServletRequestHttpServletResponse">
    <skipped/>
  </testcase>
  <testcase classname="org.ipc.iptol.web.test.RequestHandlerServletTest" time="0.025" name="testDoPostHttpServletRequestHttpServletResponse">
    <skipped/>
  </testcase>
  <testcase classname="org.ipc.iptol.web.test.RequestHandlerServletTest" time="0.026" name="testUploadFile">
    <skipped/>
  </testcase>
</testsuite>